Traceback (most recent call last):
  File "run.py", line 10, in <module>
    from LoanMVP.app import create_app
  File "pyimod02_importers.py", line 457, in exec_module
  File "LoanMVP\app.py", line 5, in <module>
    import eventlet
  File "pyimod02_importers.py", line 457, in exec_module
  File "eventlet\__init__.py", line 6, in <module>
  File "pyimod02_importers.py", line 457, in exec_module
  File "eventlet\convenience.py", line 4, in <module>
  File "pyimod02_importers.py", line 457, in exec_module
  File "eventlet\greenpool.py", line 4, in <module>
  File "pyimod02_importers.py", line 457, in exec_module
  File "eventlet\queue.py", line 49, in <module>
  File "pyimod02_importers.py", line 457, in exec_module
  File "eventlet\event.py", line 1, in <module>
  File "pyimod02_importers.py", line 457, in exec_module
  File "eventlet\hubs\__init__.py", line 18, in <module>
  File "eventlet\hubs\__init__.py", line 18, in <genexpr>
  File "importlib\__init__.py", line 88, in import_module
ModuleNotFoundError: No module named 'eventlet.hubs.epolls'
[PYI-24200:ERROR] Failed to execute script 'run' due to unhandled exception!
Traceback (most recent call last):
  File "run.py", line 10, in <module>
    from LoanMVP.app import create_app
  File "pyimod02_importers.py", line 457, in exec_module
  File "LoanMVP\app.py", line 5, in <module>
    import eventlet
  File "pyimod02_importers.py", line 457, in exec_module
  File "eventlet\__init__.py", line 6, in <module>
  File "pyimod02_importers.py", line 457, in exec_module
  File "eventlet\convenience.py", line 4, in <module>
  File "pyimod02_importers.py", line 457, in exec_module
  File "eventlet\greenpool.py", line 4, in <module>
  File "pyimod02_importers.py", line 457, in exec_module
  File "eventlet\queue.py", line 49, in <module>
  File "pyimod02_importers.py", line 457, in exec_module
  File "eventlet\event.py", line 1, in <module>
  File "pyimod02_importers.py", line 457, in exec_module
  File "eventlet\hubs\__init__.py", line 18, in <module>
  File "eventlet\hubs\__init__.py", line 18, in <genexpr>
  File "importlib\__init__.py", line 88, in import_module
ModuleNotFoundError: No module named 'eventlet.hubs.epolls'
[PYI-9320:ERROR] Failed to execute script 'run' due to unhandled exception!
Traceback (most recent call last):
  File "run.py", line 10, in <module>
    from LoanMVP.app import create_app
  File "pyimod02_importers.py", line 457, in exec_module
  File "LoanMVP\app.py", line 5, in <module>
    import eventlet
  File "pyimod02_importers.py", line 457, in exec_module
  File "eventlet\__init__.py", line 6, in <module>
  File "pyimod02_importers.py", line 457, in exec_module
  File "eventlet\convenience.py", line 4, in <module>
  File "pyimod02_importers.py", line 457, in exec_module
  File "eventlet\greenpool.py", line 4, in <module>
  File "pyimod02_importers.py", line 457, in exec_module
  File "eventlet\queue.py", line 49, in <module>
  File "pyimod02_importers.py", line 457, in exec_module
  File "eventlet\event.py", line 1, in <module>
  File "pyimod02_importers.py", line 457, in exec_module
  File "eventlet\hubs\__init__.py", line 18, in <module>
  File "eventlet\hubs\__init__.py", line 18, in <genexpr>
  File "importlib\__init__.py", line 88, in import_module
ModuleNotFoundError: No module named 'eventlet.hubs.epolls'
[PYI-22796:ERROR] Failed to execute script 'run' due to unhandled exception!
Traceback (most recent call last):
  File "run.py", line 10, in <module>
    from LoanMVP.app import create_app
  File "pyimod02_importers.py", line 457, in exec_module
  File "LoanMVP\app.py", line 5, in <module>
    import eventlet
  File "pyimod02_importers.py", line 457, in exec_module
  File "eventlet\__init__.py", line 6, in <module>
  File "pyimod02_importers.py", line 457, in exec_module
  File "eventlet\convenience.py", line 4, in <module>
  File "pyimod02_importers.py", line 457, in exec_module
  File "eventlet\greenpool.py", line 4, in <module>
  File "pyimod02_importers.py", line 457, in exec_module
  File "eventlet\queue.py", line 49, in <module>
  File "pyimod02_importers.py", line 457, in exec_module
  File "eventlet\event.py", line 1, in <module>
  File "pyimod02_importers.py", line 457, in exec_module
  File "eventlet\hubs\__init__.py", line 18, in <module>
  File "eventlet\hubs\__init__.py", line 18, in <genexpr>
  File "importlib\__init__.py", line 88, in import_module
ModuleNotFoundError: No module named 'eventlet.hubs.epolls'
[PYI-10068:ERROR] Failed to execute script 'run' due to unhandled exception!
Traceback (most recent call last):
  File "run.py", line 10, in <module>
    from LoanMVP.app import create_app
  File "pyimod02_importers.py", line 457, in exec_module
  File "LoanMVP\app.py", line 5, in <module>
    import eventlet
  File "pyimod02_importers.py", line 457, in exec_module
  File "eventlet\__init__.py", line 6, in <module>
  File "pyimod02_importers.py", line 457, in exec_module
  File "eventlet\convenience.py", line 4, in <module>
  File "pyimod02_importers.py", line 457, in exec_module
  File "eventlet\greenpool.py", line 4, in <module>
  File "pyimod02_importers.py", line 457, in exec_module
  File "eventlet\queue.py", line 49, in <module>
  File "pyimod02_importers.py", line 457, in exec_module
  File "eventlet\event.py", line 1, in <module>
  File "pyimod02_importers.py", line 457, in exec_module
  File "eventlet\hubs\__init__.py", line 18, in <module>
  File "eventlet\hubs\__init__.py", line 18, in <genexpr>
  File "importlib\__init__.py", line 88, in import_module
ModuleNotFoundError: No module named 'eventlet.hubs.epolls'
[PYI-7388:ERROR] Failed to execute script 'run' due to unhandled exception!
Traceback (most recent call last):
  File "run.py", line 10, in <module>
    from LoanMVP.app import create_app
  File "pyimod02_importers.py", line 457, in exec_module
  File "LoanMVP\app.py", line 5, in <module>
    import eventlet
  File "pyimod02_importers.py", line 457, in exec_module
  File "eventlet\__init__.py", line 6, in <module>
  File "pyimod02_importers.py", line 457, in exec_module
  File "eventlet\convenience.py", line 4, in <module>
  File "pyimod02_importers.py", line 457, in exec_module
  File "eventlet\greenpool.py", line 4, in <module>
  File "pyimod02_importers.py", line 457, in exec_module
  File "eventlet\queue.py", line 49, in <module>
  File "pyimod02_importers.py", line 457, in exec_module
  File "eventlet\event.py", line 1, in <module>
  File "pyimod02_importers.py", line 457, in exec_module
  File "eventlet\hubs\__init__.py", line 18, in <module>
  File "eventlet\hubs\__init__.py", line 18, in <genexpr>
  File "importlib\__init__.py", line 88, in import_module
ModuleNotFoundError: No module named 'eventlet.hubs.epolls'
[PYI-11476:ERROR] Failed to execute script 'run' due to unhandled exception!
Traceback (most recent call last):
  File "run.py", line 10, in <module>
    from LoanMVP.app import create_app
  File "pyimod02_importers.py", line 457, in exec_module
  File "LoanMVP\app.py", line 5, in <module>
    import eventlet
  File "pyimod02_importers.py", line 457, in exec_module
  File "eventlet\__init__.py", line 6, in <module>
  File "pyimod02_importers.py", line 457, in exec_module
  File "eventlet\convenience.py", line 4, in <module>
  File "pyimod02_importers.py", line 457, in exec_module
  File "eventlet\greenpool.py", line 4, in <module>
  File "pyimod02_importers.py", line 457, in exec_module
  File "eventlet\queue.py", line 49, in <module>
  File "pyimod02_importers.py", line 457, in exec_module
  File "eventlet\event.py", line 1, in <module>
  File "pyimod02_importers.py", line 457, in exec_module
  File "eventlet\hubs\__init__.py", line 18, in <module>
  File "eventlet\hubs\__init__.py", line 18, in <genexpr>
  File "importlib\__init__.py", line 88, in import_module
ModuleNotFoundError: No module named 'eventlet.hubs.epolls'
[PYI-8828:ERROR] Failed to execute script 'run' due to unhandled exception!
Traceback (most recent call last):
  File "run.py", line 10, in <module>
    from LoanMVP.app import create_app
  File "pyimod02_importers.py", line 457, in exec_module
  File "LoanMVP\app.py", line 5, in <module>
    import eventlet
  File "pyimod02_importers.py", line 457, in exec_module
  File "eventlet\__init__.py", line 6, in <module>
  File "pyimod02_importers.py", line 457, in exec_module
  File "eventlet\convenience.py", line 4, in <module>
  File "pyimod02_importers.py", line 457, in exec_module
  File "eventlet\greenpool.py", line 4, in <module>
  File "pyimod02_importers.py", line 457, in exec_module
  File "eventlet\queue.py", line 49, in <module>
  File "pyimod02_importers.py", line 457, in exec_module
  File "eventlet\event.py", line 1, in <module>
  File "pyimod02_importers.py", line 457, in exec_module
  File "eventlet\hubs\__init__.py", line 18, in <module>
  File "eventlet\hubs\__init__.py", line 18, in <genexpr>
  File "importlib\__init__.py", line 88, in import_module
ModuleNotFoundError: No module named 'eventlet.hubs.epolls'
[PYI-12612:ERROR] Failed to execute script 'run' due to unhandled exception!
Traceback (most recent call last):
  File "run.py", line 10, in <module>
    from LoanMVP.app import create_app
  File "pyimod02_importers.py", line 457, in exec_module
  File "LoanMVP\app.py", line 5, in <module>
    import eventlet
  File "pyimod02_importers.py", line 457, in exec_module
  File "eventlet\__init__.py", line 6, in <module>
  File "pyimod02_importers.py", line 457, in exec_module
  File "eventlet\convenience.py", line 4, in <module>
  File "pyimod02_importers.py", line 457, in exec_module
  File "eventlet\greenpool.py", line 4, in <module>
  File "pyimod02_importers.py", line 457, in exec_module
  File "eventlet\queue.py", line 49, in <module>
  File "pyimod02_importers.py", line 457, in exec_module
  File "eventlet\event.py", line 1, in <module>
  File "pyimod02_importers.py", line 457, in exec_module
  File "eventlet\hubs\__init__.py", line 18, in <module>
  File "eventlet\hubs\__init__.py", line 18, in <genexpr>
  File "importlib\__init__.py", line 88, in import_module
ModuleNotFoundError: No module named 'eventlet.hubs.epolls'
[PYI-13904:ERROR] Failed to execute script 'run' due to unhandled exception!
Traceback (most recent call last):
  File "run.py", line 10, in <module>
    from LoanMVP.app import create_app
  File "pyimod02_importers.py", line 457, in exec_module
  File "LoanMVP\app.py", line 5, in <module>
    import eventlet
  File "pyimod02_importers.py", line 457, in exec_module
  File "eventlet\__init__.py", line 6, in <module>
  File "pyimod02_importers.py", line 457, in exec_module
  File "eventlet\convenience.py", line 4, in <module>
  File "pyimod02_importers.py", line 457, in exec_module
  File "eventlet\greenpool.py", line 4, in <module>
  File "pyimod02_importers.py", line 457, in exec_module
  File "eventlet\queue.py", line 49, in <module>
  File "pyimod02_importers.py", line 457, in exec_module
  File "eventlet\event.py", line 1, in <module>
  File "pyimod02_importers.py", line 457, in exec_module
  File "eventlet\hubs\__init__.py", line 18, in <module>
  File "eventlet\hubs\__init__.py", line 18, in <genexpr>
  File "importlib\__init__.py", line 88, in import_module
ModuleNotFoundError: No module named 'eventlet.hubs.epolls'
[PYI-25576:ERROR] Failed to execute script 'run' due to unhandled exception!
Traceback (most recent call last):
  File "run.py", line 10, in <module>
    from LoanMVP.app import create_app
  File "pyimod02_importers.py", line 457, in exec_module
  File "LoanMVP\app.py", line 5, in <module>
    import eventlet
  File "pyimod02_importers.py", line 457, in exec_module
  File "eventlet\__init__.py", line 6, in <module>
  File "pyimod02_importers.py", line 457, in exec_module
  File "eventlet\convenience.py", line 4, in <module>
  File "pyimod02_importers.py", line 457, in exec_module
  File "eventlet\greenpool.py", line 4, in <module>
  File "pyimod02_importers.py", line 457, in exec_module
  File "eventlet\queue.py", line 49, in <module>
  File "pyimod02_importers.py", line 457, in exec_module
  File "eventlet\event.py", line 1, in <module>
  File "pyimod02_importers.py", line 457, in exec_module
  File "eventlet\hubs\__init__.py", line 18, in <module>
  File "eventlet\hubs\__init__.py", line 18, in <genexpr>
  File "importlib\__init__.py", line 88, in import_module
ModuleNotFoundError: No module named 'eventlet.hubs.epolls'
[PYI-23528:ERROR] Failed to execute script 'run' due to unhandled exception!
Traceback (most recent call last):
  File "run.py", line 10, in <module>
    from LoanMVP.app import create_app
  File "pyimod02_importers.py", line 457, in exec_module
  File "LoanMVP\app.py", line 5, in <module>
    import eventlet
  File "pyimod02_importers.py", line 457, in exec_module
  File "eventlet\__init__.py", line 6, in <module>
  File "pyimod02_importers.py", line 457, in exec_module
  File "eventlet\convenience.py", line 4, in <module>
  File "pyimod02_importers.py", line 457, in exec_module
  File "eventlet\greenpool.py", line 4, in <module>
  File "pyimod02_importers.py", line 457, in exec_module
  File "eventlet\queue.py", line 49, in <module>
  File "pyimod02_importers.py", line 457, in exec_module
  File "eventlet\event.py", line 1, in <module>
  File "pyimod02_importers.py", line 457, in exec_module
  File "eventlet\hubs\__init__.py", line 18, in <module>
  File "eventlet\hubs\__init__.py", line 18, in <genexpr>
  File "importlib\__init__.py", line 88, in import_module
ModuleNotFoundError: No module named 'eventlet.hubs.epolls'
[PYI-3776:ERROR] Failed to execute script 'run' due to unhandled exception!
Traceback (most recent call last):
  File "run.py", line 10, in <module>
    from LoanMVP.app import create_app
  File "pyimod02_importers.py", line 457, in exec_module
  File "LoanMVP\app.py", line 5, in <module>
    import eventlet
  File "pyimod02_importers.py", line 457, in exec_module
  File "eventlet\__init__.py", line 6, in <module>
  File "pyimod02_importers.py", line 457, in exec_module
  File "eventlet\convenience.py", line 4, in <module>
  File "pyimod02_importers.py", line 457, in exec_module
  File "eventlet\greenpool.py", line 4, in <module>
  File "pyimod02_importers.py", line 457, in exec_module
  File "eventlet\queue.py", line 49, in <module>
  File "pyimod02_importers.py", line 457, in exec_module
  File "eventlet\event.py", line 1, in <module>
  File "pyimod02_importers.py", line 457, in exec_module
  File "eventlet\hubs\__init__.py", line 18, in <module>
  File "eventlet\hubs\__init__.py", line 18, in <genexpr>
  File "importlib\__init__.py", line 88, in import_module
ModuleNotFoundError: No module named 'eventlet.hubs.epolls'
[PYI-21028:ERROR] Failed to execute script 'run' due to unhandled exception!
Traceback (most recent call last):
  File "run.py", line 10, in <module>
    from LoanMVP.app import create_app
  File "pyimod02_importers.py", line 457, in exec_module
  File "LoanMVP\app.py", line 5, in <module>
    import eventlet
  File "pyimod02_importers.py", line 457, in exec_module
  File "eventlet\__init__.py", line 6, in <module>
  File "pyimod02_importers.py", line 457, in exec_module
  File "eventlet\convenience.py", line 4, in <module>
  File "pyimod02_importers.py", line 457, in exec_module
  File "eventlet\greenpool.py", line 4, in <module>
  File "pyimod02_importers.py", line 457, in exec_module
  File "eventlet\queue.py", line 49, in <module>
  File "pyimod02_importers.py", line 457, in exec_module
  File "eventlet\event.py", line 1, in <module>
  File "pyimod02_importers.py", line 457, in exec_module
  File "eventlet\hubs\__init__.py", line 18, in <module>
  File "eventlet\hubs\__init__.py", line 18, in <genexpr>
  File "importlib\__init__.py", line 88, in import_module
ModuleNotFoundError: No module named 'eventlet.hubs.epolls'
[PYI-13028:ERROR] Failed to execute script 'run' due to unhandled exception!
Traceback (most recent call last):
  File "run.py", line 10, in <module>
    from LoanMVP.app import create_app
  File "pyimod02_importers.py", line 457, in exec_module
  File "LoanMVP\app.py", line 5, in <module>
    import eventlet
  File "pyimod02_importers.py", line 457, in exec_module
  File "eventlet\__init__.py", line 6, in <module>
  File "pyimod02_importers.py", line 457, in exec_module
  File "eventlet\convenience.py", line 4, in <module>
  File "pyimod02_importers.py", line 457, in exec_module
  File "eventlet\greenpool.py", line 4, in <module>
  File "pyimod02_importers.py", line 457, in exec_module
  File "eventlet\queue.py", line 49, in <module>
  File "pyimod02_importers.py", line 457, in exec_module
  File "eventlet\event.py", line 1, in <module>
  File "pyimod02_importers.py", line 457, in exec_module
  File "eventlet\hubs\__init__.py", line 18, in <module>
  File "eventlet\hubs\__init__.py", line 18, in <genexpr>
  File "importlib\__init__.py", line 88, in import_module
ModuleNotFoundError: No module named 'eventlet.hubs.epolls'
[PYI-4024:ERROR] Failed to execute script 'run' due to unhandled exception!
Traceback (most recent call last):
  File "run.py", line 10, in <module>
    from LoanMVP.app import create_app
  File "pyimod02_importers.py", line 457, in exec_module
  File "LoanMVP\app.py", line 5, in <module>
    import eventlet
  File "pyimod02_importers.py", line 457, in exec_module
  File "eventlet\__init__.py", line 6, in <module>
  File "pyimod02_importers.py", line 457, in exec_module
  File "eventlet\convenience.py", line 4, in <module>
  File "pyimod02_importers.py", line 457, in exec_module
  File "eventlet\greenpool.py", line 4, in <module>
  File "pyimod02_importers.py", line 457, in exec_module
  File "eventlet\queue.py", line 49, in <module>
  File "pyimod02_importers.py", line 457, in exec_module
  File "eventlet\event.py", line 1, in <module>
  File "pyimod02_importers.py", line 457, in exec_module
  File "eventlet\hubs\__init__.py", line 18, in <module>
  File "eventlet\hubs\__init__.py", line 18, in <genexpr>
  File "importlib\__init__.py", line 88, in import_module
ModuleNotFoundError: No module named 'eventlet.hubs.epolls'
[PYI-22580:ERROR] Failed to execute script 'run' due to unhandled exception!
Traceback (most recent call last):
  File "run.py", line 10, in <module>
    from LoanMVP.app import create_app
  File "pyimod02_importers.py", line 457, in exec_module
  File "LoanMVP\app.py", line 5, in <module>
    import eventlet
  File "pyimod02_importers.py", line 457, in exec_module
  File "eventlet\__init__.py", line 6, in <module>
  File "pyimod02_importers.py", line 457, in exec_module
  File "eventlet\convenience.py", line 4, in <module>
  File "pyimod02_importers.py", line 457, in exec_module
  File "eventlet\greenpool.py", line 4, in <module>
  File "pyimod02_importers.py", line 457, in exec_module
  File "eventlet\queue.py", line 49, in <module>
  File "pyimod02_importers.py", line 457, in exec_module
  File "eventlet\event.py", line 1, in <module>
  File "pyimod02_importers.py", line 457, in exec_module
  File "eventlet\hubs\__init__.py", line 18, in <module>
  File "eventlet\hubs\__init__.py", line 18, in <genexpr>
  File "importlib\__init__.py", line 88, in import_module
ModuleNotFoundError: No module named 'eventlet.hubs.epolls'
[PYI-8492:ERROR] Failed to execute script 'run' due to unhandled exception!
Traceback (most recent call last):
  File "run.py", line 10, in <module>
    from LoanMVP.app import create_app
  File "pyimod02_importers.py", line 457, in exec_module
  File "LoanMVP\app.py", line 5, in <module>
    import eventlet
  File "pyimod02_importers.py", line 457, in exec_module
  File "eventlet\__init__.py", line 6, in <module>
  File "pyimod02_importers.py", line 457, in exec_module
  File "eventlet\convenience.py", line 4, in <module>
  File "pyimod02_importers.py", line 457, in exec_module
  File "eventlet\greenpool.py", line 4, in <module>
  File "pyimod02_importers.py", line 457, in exec_module
  File "eventlet\queue.py", line 49, in <module>
  File "pyimod02_importers.py", line 457, in exec_module
  File "eventlet\event.py", line 1, in <module>
  File "pyimod02_importers.py", line 457, in exec_module
  File "eventlet\hubs\__init__.py", line 18, in <module>
  File "eventlet\hubs\__init__.py", line 18, in <genexpr>
  File "importlib\__init__.py", line 88, in import_module
ModuleNotFoundError: No module named 'eventlet.hubs.epolls'
[PYI-10520:ERROR] Failed to execute script 'run' due to unhandled exception!
Traceback (most recent call last):
  File "run.py", line 10, in <module>
    from LoanMVP.app import create_app
  File "pyimod02_importers.py", line 457, in exec_module
  File "LoanMVP\app.py", line 5, in <module>
    import eventlet
  File "pyimod02_importers.py", line 457, in exec_module
  File "eventlet\__init__.py", line 6, in <module>
  File "pyimod02_importers.py", line 457, in exec_module
  File "eventlet\convenience.py", line 4, in <module>
  File "pyimod02_importers.py", line 457, in exec_module
  File "eventlet\greenpool.py", line 4, in <module>
  File "pyimod02_importers.py", line 457, in exec_module
  File "eventlet\queue.py", line 49, in <module>
  File "pyimod02_importers.py", line 457, in exec_module
  File "eventlet\event.py", line 1, in <module>
  File "pyimod02_importers.py", line 457, in exec_module
  File "eventlet\hubs\__init__.py", line 18, in <module>
  File "eventlet\hubs\__init__.py", line 18, in <genexpr>
  File "importlib\__init__.py", line 88, in import_module
ModuleNotFoundError: No module named 'eventlet.hubs.epolls'
[PYI-7608:ERROR] Failed to execute script 'run' due to unhandled exception!
Traceback (most recent call last):
  File "run.py", line 10, in <module>
    from LoanMVP.app import create_app
  File "pyimod02_importers.py", line 457, in exec_module
  File "LoanMVP\app.py", line 5, in <module>
    import eventlet
  File "pyimod02_importers.py", line 457, in exec_module
  File "eventlet\__init__.py", line 6, in <module>
  File "pyimod02_importers.py", line 457, in exec_module
  File "eventlet\convenience.py", line 4, in <module>
  File "pyimod02_importers.py", line 457, in exec_module
  File "eventlet\greenpool.py", line 4, in <module>
  File "pyimod02_importers.py", line 457, in exec_module
  File "eventlet\queue.py", line 49, in <module>
  File "pyimod02_importers.py", line 457, in exec_module
  File "eventlet\event.py", line 1, in <module>
  File "pyimod02_importers.py", line 457, in exec_module
  File "eventlet\hubs\__init__.py", line 18, in <module>
  File "eventlet\hubs\__init__.py", line 18, in <genexpr>
  File "importlib\__init__.py", line 88, in import_module
ModuleNotFoundError: No module named 'eventlet.hubs.epolls'
[PYI-8972:ERROR] Failed to execute script 'run' due to unhandled exception!
Traceback (most recent call last):
  File "run.py", line 10, in <module>
    from LoanMVP.app import create_app
  File "pyimod02_importers.py", line 457, in exec_module
  File "LoanMVP\app.py", line 5, in <module>
    import eventlet
  File "pyimod02_importers.py", line 457, in exec_module
  File "eventlet\__init__.py", line 6, in <module>
  File "pyimod02_importers.py", line 457, in exec_module
  File "eventlet\convenience.py", line 4, in <module>
  File "pyimod02_importers.py", line 457, in exec_module
  File "eventlet\greenpool.py", line 4, in <module>
  File "pyimod02_importers.py", line 457, in exec_module
  File "eventlet\queue.py", line 49, in <module>
  File "pyimod02_importers.py", line 457, in exec_module
  File "eventlet\event.py", line 1, in <module>
  File "pyimod02_importers.py", line 457, in exec_module
  File "eventlet\hubs\__init__.py", line 18, in <module>
  File "eventlet\hubs\__init__.py", line 18, in <genexpr>
  File "importlib\__init__.py", line 88, in import_module
ModuleNotFoundError: No module named 'eventlet.hubs.epolls'
[PYI-17692:ERROR] Failed to execute script 'run' due to unhandled exception!
Traceback (most recent call last):
  File "run.py", line 10, in <module>
    from LoanMVP.app import create_app
  File "pyimod02_importers.py", line 457, in exec_module
  File "LoanMVP\app.py", line 5, in <module>
    import eventlet
  File "pyimod02_importers.py", line 457, in exec_module
  File "eventlet\__init__.py", line 6, in <module>
  File "pyimod02_importers.py", line 457, in exec_module
  File "eventlet\convenience.py", line 4, in <module>
  File "pyimod02_importers.py", line 457, in exec_module
  File "eventlet\greenpool.py", line 4, in <module>
  File "pyimod02_importers.py", line 457, in exec_module
  File "eventlet\queue.py", line 49, in <module>
  File "pyimod02_importers.py", line 457, in exec_module
  File "eventlet\event.py", line 1, in <module>
  File "pyimod02_importers.py", line 457, in exec_module
  File "eventlet\hubs\__init__.py", line 18, in <module>
  File "eventlet\hubs\__init__.py", line 18, in <genexpr>
  File "importlib\__init__.py", line 88, in import_module
ModuleNotFoundError: No module named 'eventlet.hubs.epolls'
[PYI-24456:ERROR] Failed to execute script 'run' due to unhandled exception!
Traceback (most recent call last):
  File "run.py", line 10, in <module>
    from LoanMVP.app import create_app
  File "pyimod02_importers.py", line 457, in exec_module
  File "LoanMVP\app.py", line 5, in <module>
    import eventlet
  File "pyimod02_importers.py", line 457, in exec_module
  File "eventlet\__init__.py", line 6, in <module>
  File "pyimod02_importers.py", line 457, in exec_module
  File "eventlet\convenience.py", line 4, in <module>
  File "pyimod02_importers.py", line 457, in exec_module
  File "eventlet\greenpool.py", line 4, in <module>
  File "pyimod02_importers.py", line 457, in exec_module
  File "eventlet\queue.py", line 49, in <module>
  File "pyimod02_importers.py", line 457, in exec_module
  File "eventlet\event.py", line 1, in <module>
  File "pyimod02_importers.py", line 457, in exec_module
  File "eventlet\hubs\__init__.py", line 18, in <module>
  File "eventlet\hubs\__init__.py", line 18, in <genexpr>
  File "importlib\__init__.py", line 88, in import_module
ModuleNotFoundError: No module named 'eventlet.hubs.epolls'
[PYI-24244:ERROR] Failed to execute script 'run' due to unhandled exception!
Traceback (most recent call last):
  File "run.py", line 10, in <module>
    from LoanMVP.app import create_app
  File "pyimod02_importers.py", line 457, in exec_module
  File "LoanMVP\app.py", line 5, in <module>
    import eventlet
  File "pyimod02_importers.py", line 457, in exec_module
  File "eventlet\__init__.py", line 6, in <module>
  File "pyimod02_importers.py", line 457, in exec_module
  File "eventlet\convenience.py", line 4, in <module>
  File "pyimod02_importers.py", line 457, in exec_module
  File "eventlet\greenpool.py", line 4, in <module>
  File "pyimod02_importers.py", line 457, in exec_module
  File "eventlet\queue.py", line 49, in <module>
  File "pyimod02_importers.py", line 457, in exec_module
  File "eventlet\event.py", line 1, in <module>
  File "pyimod02_importers.py", line 457, in exec_module
  File "eventlet\hubs\__init__.py", line 18, in <module>
  File "eventlet\hubs\__init__.py", line 18, in <genexpr>
  File "importlib\__init__.py", line 88, in import_module
ModuleNotFoundError: No module named 'eventlet.hubs.epolls'
[PYI-4276:ERROR] Failed to execute script 'run' due to unhandled exception!
Traceback (most recent call last):
  File "run.py", line 10, in <module>
    from LoanMVP.app import create_app
  File "pyimod02_importers.py", line 457, in exec_module
  File "LoanMVP\app.py", line 5, in <module>
    import eventlet
  File "pyimod02_importers.py", line 457, in exec_module
  File "eventlet\__init__.py", line 6, in <module>
  File "pyimod02_importers.py", line 457, in exec_module
  File "eventlet\convenience.py", line 4, in <module>
  File "pyimod02_importers.py", line 457, in exec_module
  File "eventlet\greenpool.py", line 4, in <module>
  File "pyimod02_importers.py", line 457, in exec_module
  File "eventlet\queue.py", line 49, in <module>
  File "pyimod02_importers.py", line 457, in exec_module
  File "eventlet\event.py", line 1, in <module>
  File "pyimod02_importers.py", line 457, in exec_module
  File "eventlet\hubs\__init__.py", line 18, in <module>
  File "eventlet\hubs\__init__.py", line 18, in <genexpr>
  File "importlib\__init__.py", line 88, in import_module
ModuleNotFoundError: No module named 'eventlet.hubs.epolls'
[PYI-9336:ERROR] Failed to execute script 'run' due to unhandled exception!
Traceback (most recent call last):
  File "run.py", line 10, in <module>
    from LoanMVP.app import create_app
  File "pyimod02_importers.py", line 457, in exec_module
  File "LoanMVP\app.py", line 5, in <module>
    import eventlet
  File "pyimod02_importers.py", line 457, in exec_module
  File "eventlet\__init__.py", line 6, in <module>
  File "pyimod02_importers.py", line 457, in exec_module
  File "eventlet\convenience.py", line 4, in <module>
  File "pyimod02_importers.py", line 457, in exec_module
  File "eventlet\greenpool.py", line 4, in <module>
  File "pyimod02_importers.py", line 457, in exec_module
  File "eventlet\queue.py", line 49, in <module>
  File "pyimod02_importers.py", line 457, in exec_module
  File "eventlet\event.py", line 1, in <module>
  File "pyimod02_importers.py", line 457, in exec_module
  File "eventlet\hubs\__init__.py", line 18, in <module>
  File "eventlet\hubs\__init__.py", line 18, in <genexpr>
  File "importlib\__init__.py", line 88, in import_module
ModuleNotFoundError: No module named 'eventlet.hubs.epolls'
[PYI-24496:ERROR] Failed to execute script 'run' due to unhandled exception!
Traceback (most recent call last):
  File "run.py", line 10, in <module>
    from LoanMVP.app import create_app
  File "pyimod02_importers.py", line 457, in exec_module
  File "LoanMVP\app.py", line 5, in <module>
    import eventlet
  File "pyimod02_importers.py", line 457, in exec_module
  File "eventlet\__init__.py", line 6, in <module>
  File "pyimod02_importers.py", line 457, in exec_module
  File "eventlet\convenience.py", line 4, in <module>
  File "pyimod02_importers.py", line 457, in exec_module
  File "eventlet\greenpool.py", line 4, in <module>
  File "pyimod02_importers.py", line 457, in exec_module
  File "eventlet\queue.py", line 49, in <module>
  File "pyimod02_importers.py", line 457, in exec_module
  File "eventlet\event.py", line 1, in <module>
  File "pyimod02_importers.py", line 457, in exec_module
  File "eventlet\hubs\__init__.py", line 18, in <module>
  File "eventlet\hubs\__init__.py", line 18, in <genexpr>
  File "importlib\__init__.py", line 88, in import_module
ModuleNotFoundError: No module named 'eventlet.hubs.epolls'
[PYI-24380:ERROR] Failed to execute script 'run' due to unhandled exception!
Traceback (most recent call last):
  File "run.py", line 10, in <module>
    from LoanMVP.app import create_app
  File "pyimod02_importers.py", line 457, in exec_module
  File "LoanMVP\app.py", line 5, in <module>
    import eventlet
  File "pyimod02_importers.py", line 457, in exec_module
  File "eventlet\__init__.py", line 6, in <module>
  File "pyimod02_importers.py", line 457, in exec_module
  File "eventlet\convenience.py", line 4, in <module>
  File "pyimod02_importers.py", line 457, in exec_module
  File "eventlet\greenpool.py", line 4, in <module>
  File "pyimod02_importers.py", line 457, in exec_module
  File "eventlet\queue.py", line 49, in <module>
  File "pyimod02_importers.py", line 457, in exec_module
  File "eventlet\event.py", line 1, in <module>
  File "pyimod02_importers.py", line 457, in exec_module
  File "eventlet\hubs\__init__.py", line 18, in <module>
  File "eventlet\hubs\__init__.py", line 18, in <genexpr>
  File "importlib\__init__.py", line 88, in import_module
ModuleNotFoundError: No module named 'eventlet.hubs.epolls'
[PYI-21316:ERROR] Failed to execute script 'run' due to unhandled exception!
Traceback (most recent call last):
  File "run.py", line 10, in <module>
    from LoanMVP.app import create_app
  File "pyimod02_importers.py", line 457, in exec_module
  File "LoanMVP\app.py", line 5, in <module>
    import eventlet
  File "pyimod02_importers.py", line 457, in exec_module
  File "eventlet\__init__.py", line 6, in <module>
  File "pyimod02_importers.py", line 457, in exec_module
  File "eventlet\convenience.py", line 4, in <module>
  File "pyimod02_importers.py", line 457, in exec_module
  File "eventlet\greenpool.py", line 4, in <module>
  File "pyimod02_importers.py", line 457, in exec_module
  File "eventlet\queue.py", line 49, in <module>
  File "pyimod02_importers.py", line 457, in exec_module
  File "eventlet\event.py", line 1, in <module>
  File "pyimod02_importers.py", line 457, in exec_module
  File "eventlet\hubs\__init__.py", line 18, in <module>
  File "eventlet\hubs\__init__.py", line 18, in <genexpr>
  File "importlib\__init__.py", line 88, in import_module
ModuleNotFoundError: No module named 'eventlet.hubs.epolls'
[PYI-14128:ERROR] Failed to execute script 'run' due to unhandled exception!
Traceback (most recent call last):
  File "run.py", line 10, in <module>
    from LoanMVP.app import create_app
  File "pyimod02_importers.py", line 457, in exec_module
  File "LoanMVP\app.py", line 5, in <module>
    import eventlet
  File "pyimod02_importers.py", line 457, in exec_module
  File "eventlet\__init__.py", line 6, in <module>
  File "pyimod02_importers.py", line 457, in exec_module
  File "eventlet\convenience.py", line 4, in <module>
  File "pyimod02_importers.py", line 457, in exec_module
  File "eventlet\greenpool.py", line 4, in <module>
  File "pyimod02_importers.py", line 457, in exec_module
  File "eventlet\queue.py", line 49, in <module>
  File "pyimod02_importers.py", line 457, in exec_module
  File "eventlet\event.py", line 1, in <module>
  File "pyimod02_importers.py", line 457, in exec_module
  File "eventlet\hubs\__init__.py", line 18, in <module>
  File "eventlet\hubs\__init__.py", line 18, in <genexpr>
  File "importlib\__init__.py", line 88, in import_module
ModuleNotFoundError: No module named 'eventlet.hubs.epolls'
[PYI-8136:ERROR] Failed to execute script 'run' due to unhandled exception!
Traceback (most recent call last):
  File "run.py", line 10, in <module>
    from LoanMVP.app import create_app
  File "pyimod02_importers.py", line 457, in exec_module
  File "LoanMVP\app.py", line 5, in <module>
    import eventlet
  File "pyimod02_importers.py", line 457, in exec_module
  File "eventlet\__init__.py", line 6, in <module>
  File "pyimod02_importers.py", line 457, in exec_module
  File "eventlet\convenience.py", line 4, in <module>
  File "pyimod02_importers.py", line 457, in exec_module
  File "eventlet\greenpool.py", line 4, in <module>
  File "pyimod02_importers.py", line 457, in exec_module
  File "eventlet\queue.py", line 49, in <module>
  File "pyimod02_importers.py", line 457, in exec_module
  File "eventlet\event.py", line 1, in <module>
  File "pyimod02_importers.py", line 457, in exec_module
  File "eventlet\hubs\__init__.py", line 18, in <module>
  File "eventlet\hubs\__init__.py", line 18, in <genexpr>
  File "importlib\__init__.py", line 88, in import_module
ModuleNotFoundError: No module named 'eventlet.hubs.epolls'
[PYI-21448:ERROR] Failed to execute script 'run' due to unhandled exception!
Traceback (most recent call last):
  File "run.py", line 10, in <module>
    from LoanMVP.app import create_app
  File "pyimod02_importers.py", line 457, in exec_module
  File "LoanMVP\app.py", line 5, in <module>
    import eventlet
  File "pyimod02_importers.py", line 457, in exec_module
  File "eventlet\__init__.py", line 6, in <module>
  File "pyimod02_importers.py", line 457, in exec_module
  File "eventlet\convenience.py", line 4, in <module>
  File "pyimod02_importers.py", line 457, in exec_module
  File "eventlet\greenpool.py", line 4, in <module>
  File "pyimod02_importers.py", line 457, in exec_module
  File "eventlet\queue.py", line 49, in <module>
  File "pyimod02_importers.py", line 457, in exec_module
  File "eventlet\event.py", line 1, in <module>
  File "pyimod02_importers.py", line 457, in exec_module
  File "eventlet\hubs\__init__.py", line 18, in <module>
  File "eventlet\hubs\__init__.py", line 18, in <genexpr>
  File "importlib\__init__.py", line 88, in import_module
ModuleNotFoundError: No module named 'eventlet.hubs.epolls'
[PYI-25112:ERROR] Failed to execute script 'run' due to unhandled exception!
Traceback (most recent call last):
  File "run.py", line 10, in <module>
    from LoanMVP.app import create_app
  File "pyimod02_importers.py", line 457, in exec_module
  File "LoanMVP\app.py", line 5, in <module>
    import eventlet
  File "pyimod02_importers.py", line 457, in exec_module
  File "eventlet\__init__.py", line 6, in <module>
  File "pyimod02_importers.py", line 457, in exec_module
  File "eventlet\convenience.py", line 4, in <module>
  File "pyimod02_importers.py", line 457, in exec_module
  File "eventlet\greenpool.py", line 4, in <module>
  File "pyimod02_importers.py", line 457, in exec_module
  File "eventlet\queue.py", line 49, in <module>
  File "pyimod02_importers.py", line 457, in exec_module
  File "eventlet\event.py", line 1, in <module>
  File "pyimod02_importers.py", line 457, in exec_module
  File "eventlet\hubs\__init__.py", line 18, in <module>
  File "eventlet\hubs\__init__.py", line 18, in <genexpr>
  File "importlib\__init__.py", line 88, in import_module
ModuleNotFoundError: No module named 'eventlet.hubs.epolls'
[PYI-11852:ERROR] Failed to execute script 'run' due to unhandled exception!
Traceback (most recent call last):
  File "run.py", line 10, in <module>
    from LoanMVP.app import create_app
  File "pyimod02_importers.py", line 457, in exec_module
  File "LoanMVP\app.py", line 5, in <module>
    import eventlet
  File "pyimod02_importers.py", line 457, in exec_module
  File "eventlet\__init__.py", line 6, in <module>
  File "pyimod02_importers.py", line 457, in exec_module
  File "eventlet\convenience.py", line 4, in <module>
  File "pyimod02_importers.py", line 457, in exec_module
  File "eventlet\greenpool.py", line 4, in <module>
  File "pyimod02_importers.py", line 457, in exec_module
  File "eventlet\queue.py", line 49, in <module>
  File "pyimod02_importers.py", line 457, in exec_module
  File "eventlet\event.py", line 1, in <module>
  File "pyimod02_importers.py", line 457, in exec_module
  File "eventlet\hubs\__init__.py", line 18, in <module>
  File "eventlet\hubs\__init__.py", line 18, in <genexpr>
  File "importlib\__init__.py", line 88, in import_module
ModuleNotFoundError: No module named 'eventlet.hubs.epolls'
[PYI-5148:ERROR] Failed to execute script 'run' due to unhandled exception!
Traceback (most recent call last):
  File "run.py", line 10, in <module>
    from LoanMVP.app import create_app
  File "pyimod02_importers.py", line 457, in exec_module
  File "LoanMVP\app.py", line 5, in <module>
    import eventlet
  File "pyimod02_importers.py", line 457, in exec_module
  File "eventlet\__init__.py", line 6, in <module>
  File "pyimod02_importers.py", line 457, in exec_module
  File "eventlet\convenience.py", line 4, in <module>
  File "pyimod02_importers.py", line 457, in exec_module
  File "eventlet\greenpool.py", line 4, in <module>
  File "pyimod02_importers.py", line 457, in exec_module
  File "eventlet\queue.py", line 49, in <module>
  File "pyimod02_importers.py", line 457, in exec_module
  File "eventlet\event.py", line 1, in <module>
  File "pyimod02_importers.py", line 457, in exec_module
  File "eventlet\hubs\__init__.py", line 18, in <module>
  File "eventlet\hubs\__init__.py", line 18, in <genexpr>
  File "importlib\__init__.py", line 88, in import_module
ModuleNotFoundError: No module named 'eventlet.hubs.epolls'
[PYI-20980:ERROR] Failed to execute script 'run' due to unhandled exception!
Traceback (most recent call last):
  File "run.py", line 10, in <module>
    from LoanMVP.app import create_app
  File "pyimod02_importers.py", line 457, in exec_module
  File "LoanMVP\app.py", line 5, in <module>
    import eventlet
  File "pyimod02_importers.py", line 457, in exec_module
  File "eventlet\__init__.py", line 6, in <module>
  File "pyimod02_importers.py", line 457, in exec_module
  File "eventlet\convenience.py", line 4, in <module>
  File "pyimod02_importers.py", line 457, in exec_module
  File "eventlet\greenpool.py", line 4, in <module>
  File "pyimod02_importers.py", line 457, in exec_module
  File "eventlet\queue.py", line 49, in <module>
  File "pyimod02_importers.py", line 457, in exec_module
  File "eventlet\event.py", line 1, in <module>
  File "pyimod02_importers.py", line 457, in exec_module
  File "eventlet\hubs\__init__.py", line 18, in <module>
  File "eventlet\hubs\__init__.py", line 18, in <genexpr>
  File "importlib\__init__.py", line 88, in import_module
ModuleNotFoundError: No module named 'eventlet.hubs.epolls'
[PYI-8684:ERROR] Failed to execute script 'run' due to unhandled exception!
Traceback (most recent call last):
  File "run.py", line 10, in <module>
    from LoanMVP.app import create_app
  File "pyimod02_importers.py", line 457, in exec_module
  File "LoanMVP\app.py", line 5, in <module>
    import eventlet
  File "pyimod02_importers.py", line 457, in exec_module
  File "eventlet\__init__.py", line 6, in <module>
  File "pyimod02_importers.py", line 457, in exec_module
  File "eventlet\convenience.py", line 4, in <module>
  File "pyimod02_importers.py", line 457, in exec_module
  File "eventlet\greenpool.py", line 4, in <module>
  File "pyimod02_importers.py", line 457, in exec_module
  File "eventlet\queue.py", line 49, in <module>
  File "pyimod02_importers.py", line 457, in exec_module
  File "eventlet\event.py", line 1, in <module>
  File "pyimod02_importers.py", line 457, in exec_module
  File "eventlet\hubs\__init__.py", line 18, in <module>
  File "eventlet\hubs\__init__.py", line 18, in <genexpr>
  File "importlib\__init__.py", line 88, in import_module
ModuleNotFoundError: No module named 'eventlet.hubs.epolls'
[PYI-13036:ERROR] Failed to execute script 'run' due to unhandled exception!
Traceback (most recent call last):
  File "run.py", line 10, in <module>
    from LoanMVP.app import create_app
  File "pyimod02_importers.py", line 457, in exec_module
  File "LoanMVP\app.py", line 5, in <module>
    import eventlet
  File "pyimod02_importers.py", line 457, in exec_module
  File "eventlet\__init__.py", line 6, in <module>
  File "pyimod02_importers.py", line 457, in exec_module
  File "eventlet\convenience.py", line 4, in <module>
  File "pyimod02_importers.py", line 457, in exec_module
  File "eventlet\greenpool.py", line 4, in <module>
  File "pyimod02_importers.py", line 457, in exec_module
  File "eventlet\queue.py", line 49, in <module>
  File "pyimod02_importers.py", line 457, in exec_module
  File "eventlet\event.py", line 1, in <module>
  File "pyimod02_importers.py", line 457, in exec_module
  File "eventlet\hubs\__init__.py", line 18, in <module>
  File "eventlet\hubs\__init__.py", line 18, in <genexpr>
  File "importlib\__init__.py", line 88, in import_module
ModuleNotFoundError: No module named 'eventlet.hubs.epolls'
[PYI-17476:ERROR] Failed to execute script 'run' due to unhandled exception!
Traceback (most recent call last):
  File "run.py", line 10, in <module>
    from LoanMVP.app import create_app
  File "pyimod02_importers.py", line 457, in exec_module
  File "LoanMVP\app.py", line 5, in <module>
    import eventlet
  File "pyimod02_importers.py", line 457, in exec_module
  File "eventlet\__init__.py", line 6, in <module>
  File "pyimod02_importers.py", line 457, in exec_module
  File "eventlet\convenience.py", line 4, in <module>
  File "pyimod02_importers.py", line 457, in exec_module
  File "eventlet\greenpool.py", line 4, in <module>
  File "pyimod02_importers.py", line 457, in exec_module
  File "eventlet\queue.py", line 49, in <module>
  File "pyimod02_importers.py", line 457, in exec_module
  File "eventlet\event.py", line 1, in <module>
  File "pyimod02_importers.py", line 457, in exec_module
  File "eventlet\hubs\__init__.py", line 18, in <module>
  File "eventlet\hubs\__init__.py", line 18, in <genexpr>
  File "importlib\__init__.py", line 88, in import_module
ModuleNotFoundError: No module named 'eventlet.hubs.epolls'
[PYI-10508:ERROR] Failed to execute script 'run' due to unhandled exception!
Traceback (most recent call last):
  File "run.py", line 10, in <module>
    from LoanMVP.app import create_app
  File "pyimod02_importers.py", line 457, in exec_module
  File "LoanMVP\app.py", line 5, in <module>
    import eventlet
  File "pyimod02_importers.py", line 457, in exec_module
  File "eventlet\__init__.py", line 6, in <module>
  File "pyimod02_importers.py", line 457, in exec_module
  File "eventlet\convenience.py", line 4, in <module>
  File "pyimod02_importers.py", line 457, in exec_module
  File "eventlet\greenpool.py", line 4, in <module>
  File "pyimod02_importers.py", line 457, in exec_module
  File "eventlet\queue.py", line 49, in <module>
  File "pyimod02_importers.py", line 457, in exec_module
  File "eventlet\event.py", line 1, in <module>
  File "pyimod02_importers.py", line 457, in exec_module
  File "eventlet\hubs\__init__.py", line 18, in <module>
  File "eventlet\hubs\__init__.py", line 18, in <genexpr>
  File "importlib\__init__.py", line 88, in import_module
ModuleNotFoundError: No module named 'eventlet.hubs.epolls'
[PYI-19204:ERROR] Failed to execute script 'run' due to unhandled exception!
Traceback (most recent call last):
  File "run.py", line 10, in <module>
    from LoanMVP.app import create_app
  File "pyimod02_importers.py", line 457, in exec_module
  File "LoanMVP\app.py", line 5, in <module>
    import eventlet
  File "pyimod02_importers.py", line 457, in exec_module
  File "eventlet\__init__.py", line 6, in <module>
  File "pyimod02_importers.py", line 457, in exec_module
  File "eventlet\convenience.py", line 4, in <module>
  File "pyimod02_importers.py", line 457, in exec_module
  File "eventlet\greenpool.py", line 4, in <module>
  File "pyimod02_importers.py", line 457, in exec_module
  File "eventlet\queue.py", line 49, in <module>
  File "pyimod02_importers.py", line 457, in exec_module
  File "eventlet\event.py", line 1, in <module>
  File "pyimod02_importers.py", line 457, in exec_module
  File "eventlet\hubs\__init__.py", line 18, in <module>
  File "eventlet\hubs\__init__.py", line 18, in <genexpr>
  File "importlib\__init__.py", line 88, in import_module
ModuleNotFoundError: No module named 'eventlet.hubs.epolls'
[PYI-3636:ERROR] Failed to execute script 'run' due to unhandled exception!
Traceback (most recent call last):
  File "run.py", line 10, in <module>
    from LoanMVP.app import create_app
  File "pyimod02_importers.py", line 457, in exec_module
  File "LoanMVP\app.py", line 5, in <module>
    import eventlet
  File "pyimod02_importers.py", line 457, in exec_module
  File "eventlet\__init__.py", line 6, in <module>
  File "pyimod02_importers.py", line 457, in exec_module
  File "eventlet\convenience.py", line 4, in <module>
  File "pyimod02_importers.py", line 457, in exec_module
  File "eventlet\greenpool.py", line 4, in <module>
  File "pyimod02_importers.py", line 457, in exec_module
  File "eventlet\queue.py", line 49, in <module>
  File "pyimod02_importers.py", line 457, in exec_module
  File "eventlet\event.py", line 1, in <module>
  File "pyimod02_importers.py", line 457, in exec_module
  File "eventlet\hubs\__init__.py", line 18, in <module>
  File "eventlet\hubs\__init__.py", line 18, in <genexpr>
  File "importlib\__init__.py", line 88, in import_module
ModuleNotFoundError: No module named 'eventlet.hubs.epolls'
[PYI-23140:ERROR] Failed to execute script 'run' due to unhandled exception!
Traceback (most recent call last):
  File "run.py", line 10, in <module>
    from LoanMVP.app import create_app
  File "pyimod02_importers.py", line 457, in exec_module
  File "LoanMVP\app.py", line 5, in <module>
    import eventlet
  File "pyimod02_importers.py", line 457, in exec_module
  File "eventlet\__init__.py", line 6, in <module>
  File "pyimod02_importers.py", line 457, in exec_module
  File "eventlet\convenience.py", line 4, in <module>
  File "pyimod02_importers.py", line 457, in exec_module
  File "eventlet\greenpool.py", line 4, in <module>
  File "pyimod02_importers.py", line 457, in exec_module
  File "eventlet\queue.py", line 49, in <module>
  File "pyimod02_importers.py", line 457, in exec_module
  File "eventlet\event.py", line 1, in <module>
  File "pyimod02_importers.py", line 457, in exec_module
  File "eventlet\hubs\__init__.py", line 18, in <module>
  File "eventlet\hubs\__init__.py", line 18, in <genexpr>
  File "importlib\__init__.py", line 88, in import_module
ModuleNotFoundError: No module named 'eventlet.hubs.epolls'
[PYI-9200:ERROR] Failed to execute script 'run' due to unhandled exception!
Traceback (most recent call last):
  File "run.py", line 10, in <module>
    from LoanMVP.app import create_app
  File "pyimod02_importers.py", line 457, in exec_module
  File "LoanMVP\app.py", line 5, in <module>
    import eventlet
  File "pyimod02_importers.py", line 457, in exec_module
  File "eventlet\__init__.py", line 6, in <module>
  File "pyimod02_importers.py", line 457, in exec_module
  File "eventlet\convenience.py", line 4, in <module>
  File "pyimod02_importers.py", line 457, in exec_module
  File "eventlet\greenpool.py", line 4, in <module>
  File "pyimod02_importers.py", line 457, in exec_module
  File "eventlet\queue.py", line 49, in <module>
  File "pyimod02_importers.py", line 457, in exec_module
  File "eventlet\event.py", line 1, in <module>
  File "pyimod02_importers.py", line 457, in exec_module
  File "eventlet\hubs\__init__.py", line 18, in <module>
  File "eventlet\hubs\__init__.py", line 18, in <genexpr>
  File "importlib\__init__.py", line 88, in import_module
ModuleNotFoundError: No module named 'eventlet.hubs.epolls'
[PYI-8552:ERROR] Failed to execute script 'run' due to unhandled exception!
